<?xml version="1.0" encoding="UTF-8"?>
<testng-results ignored="0" total="12" passed="12" failed="0" skipped="0">
  <reporter-output>
  </reporter-output>
  <suite started-at="2021-05-16T12:28:50 IST" name="Default suite" finished-at="2021-05-16T12:29:00 IST" duration-ms="9607">
    <groups>
    </groups>
    <test started-at="2021-05-16T12:28:50 IST" name="Default test" finished-at="2021-05-16T12:29:00 IST" duration-ms="9607">
      <class name="giftshop.HomePage">
        <test-method is-config="true" signature="beforeSuite()[pri:0, instance:giftshop.HomePage@1bb266b3]" started-at="2021-05-16T12:28:43 IST" name="beforeSuite" finished-at="2021-05-16T12:28:50 IST" duration-ms="6740" status="PASS">
          <reporter-output>
          </reporter-output>
        </test-method> <!-- beforeSuite -->
        <test-method is-config="true" signature="beforeClass()[pri:0, instance:giftshop.HomePage@1bb266b3]" started-at="2021-05-16T12:28:50 IST" name="beforeClass" finished-at="2021-05-16T12:28:56 IST" duration-ms="6386" status="PASS">
          <reporter-output>
          </reporter-output>
        </test-method> <!-- beforeClass -->
        <test-method signature="Test1()[pri:0, instance:giftshop.HomePage@1bb266b3]" started-at="2021-05-16T12:28:56 IST" name="Test1" finished-at="2021-05-16T12:28:57 IST" duration-ms="102" status="PASS">
          <reporter-output>
          </reporter-output>
        </test-method> <!-- Test1 -->
        <test-method signature="Test10()[pri:0, instance:giftshop.HomePage@1bb266b3]" started-at="2021-05-16T12:28:57 IST" name="Test10" finished-at="2021-05-16T12:28:57 IST" duration-ms="133" status="PASS">
          <reporter-output>
          </reporter-output>
        </test-method> <!-- Test10 -->
        <test-method signature="Test11()[pri:0, instance:giftshop.HomePage@1bb266b3]" started-at="2021-05-16T12:28:57 IST" name="Test11" finished-at="2021-05-16T12:28:57 IST" duration-ms="63" status="PASS">
          <reporter-output>
          </reporter-output>
        </test-method> <!-- Test11 -->
        <test-method signature="Test12()[pri:0, instance:giftshop.HomePage@1bb266b3]" started-at="2021-05-16T12:28:57 IST" name="Test12" finished-at="2021-05-16T12:28:59 IST" duration-ms="2138" status="PASS">
          <reporter-output>
          </reporter-output>
        </test-method> <!-- Test12 -->
        <test-method signature="Test2()[pri:0, instance:giftshop.HomePage@1bb266b3]" started-at="2021-05-16T12:28:59 IST" name="Test2" finished-at="2021-05-16T12:28:59 IST" duration-ms="45" status="PASS">
          <reporter-output>
          </reporter-output>
        </test-method> <!-- Test2 -->
        <test-method signature="Test3()[pri:0, instance:giftshop.HomePage@1bb266b3]" started-at="2021-05-16T12:28:59 IST" name="Test3" finished-at="2021-05-16T12:28:59 IST" duration-ms="63" status="PASS">
          <reporter-output>
          </reporter-output>
        </test-method> <!-- Test3 -->
        <test-method signature="Test4()[pri:0, instance:giftshop.HomePage@1bb266b3]" started-at="2021-05-16T12:28:59 IST" name="Test4" finished-at="2021-05-16T12:28:59 IST" duration-ms="57" status="PASS">
          <reporter-output>
          </reporter-output>
        </test-method> <!-- Test4 -->
        <test-method signature="Test5()[pri:0, instance:giftshop.HomePage@1bb266b3]" started-at="2021-05-16T12:28:59 IST" name="Test5" finished-at="2021-05-16T12:28:59 IST" duration-ms="116" status="PASS">
          <reporter-output>
          </reporter-output>
        </test-method> <!-- Test5 -->
        <test-method signature="Test6()[pri:0, instance:giftshop.HomePage@1bb266b3]" started-at="2021-05-16T12:28:59 IST" name="Test6" finished-at="2021-05-16T12:28:59 IST" duration-ms="110" status="PASS">
          <reporter-output>
          </reporter-output>
        </test-method> <!-- Test6 -->
        <test-method signature="Test7()[pri:0, instance:giftshop.HomePage@1bb266b3]" started-at="2021-05-16T12:28:59 IST" name="Test7" finished-at="2021-05-16T12:28:59 IST" duration-ms="119" status="PASS">
          <reporter-output>
          </reporter-output>
        </test-method> <!-- Test7 -->
        <test-method signature="Test8()[pri:0, instance:giftshop.HomePage@1bb266b3]" started-at="2021-05-16T12:28:59 IST" name="Test8" finished-at="2021-05-16T12:28:59 IST" duration-ms="105" status="PASS">
          <reporter-output>
          </reporter-output>
        </test-method> <!-- Test8 -->
        <test-method signature="Test9()[pri:0, instance:giftshop.HomePage@1bb266b3]" started-at="2021-05-16T12:28:59 IST" name="Test9" finished-at="2021-05-16T12:29:00 IST" duration-ms="113" status="PASS">
          <reporter-output>
          </reporter-output>
        </test-method> <!-- Test9 -->
        <test-method is-config="true" signature="afterSuite()[pri:0, instance:giftshop.HomePage@1bb266b3]" started-at="2021-05-16T12:29:00 IST" name="afterSuite" finished-at="2021-05-16T12:29:04 IST" duration-ms="4160" status="PASS">
          <reporter-output>
          </reporter-output>
        </test-method> <!-- afterSuite -->
      </class> <!-- giftshop.HomePage -->
    </test> <!-- Default test -->
  </suite> <!-- Default suite -->
</testng-results>
