<?xml version="1.0" encoding="UTF-8"?>
<!-- Generated by org.testng.reporters.JUnitXMLReporter -->
<testsuite ignored="0" hostname="LAPTOP-I086T0I5" failures="0" tests="12" name="Default test" time="9.607" errors="0" timestamp="2021-05-16T12:29:00 IST">
  <testcase classname="giftshop.HomePage" name="Test1" time="0.102"/>
  <testcase classname="giftshop.HomePage" name="Test10" time="0.133"/>
  <testcase classname="giftshop.HomePage" name="Test11" time="0.063"/>
  <testcase classname="giftshop.HomePage" name="Test12" time="2.138"/>
  <testcase classname="giftshop.HomePage" name="Test2" time="0.045"/>
  <testcase classname="giftshop.HomePage" name="Test3" time="0.063"/>
  <testcase classname="giftshop.HomePage" name="Test4" time="0.057"/>
  <testcase classname="giftshop.HomePage" name="Test5" time="0.116"/>
  <testcase classname="giftshop.HomePage" name="Test6" time="0.11"/>
  <testcase classname="giftshop.HomePage" name="Test7" time="0.119"/>
  <testcase classname="giftshop.HomePage" name="Test8" time="0.105"/>
  <testcase classname="giftshop.HomePage" name="Test9" time="0.113"/>
</testsuite> <!-- Default test -->
