<?xml version="1.0" encoding="UTF-8"?>
<!-- Generated by org.testng.reporters.JUnitXMLReporter -->
<testsuite ignored="2" hostname="LAPTOP-I086T0I5" failures="0" tests="22" name="Test" time="10.712" errors="0" timestamp="2021-05-14T21:17:55 IST">
  <testcase classname="giftshop.HomePage" name="@BeforeClass beforeClass" time="0.001">
    <failure type="java.lang.NullPointerException" message="Cannot invoke &amp;quot;org.openqa.selenium.WebDriver.navigate()&amp;quot; because &amp;quot;this.driver&amp;quot; is null">
      <![CDATA[java.lang.NullPointerException: Cannot invoke "org.openqa.selenium.WebDriver.navigate()" because "this.driver" is null
at giftshop.HomePage.beforeClass(HomePage.java:12)
at java.base/java.util.ArrayList.forEach(ArrayList.java:1511)
... Removed 25 stack frames]]>
    </failure>
  </testcase> <!-- @BeforeClass beforeClass -->
  <testcase classname="giftshop.LoginPage" name="test1" time="0.123"/>
  <testcase classname="giftshop.LoginPage" name="test2" time="0.238"/>
  <testcase classname="giftshop.LoginPage" name="test3" time="1.675"/>
  <testcase classname="giftshop.LoginPage" name="test4" time="1.873"/>
  <testcase classname="giftshop.LoginPage" name="test5" time="1.538"/>
  <testcase classname="giftshop.LoginPage" name="test6" time="0.316"/>
  <testcase classname="giftshop.LoginPage" name="test8" time="0.237"/>
  <testcase classname="giftshop.LoginPage" name="test7" time="1.532"/>
  <testcase classname="giftshop.LoginPage" name="test9" time="0.127"/>
  <testcase classname="giftshop.LoginPage" name="test10" time="1.371"/>
  <testcase classname="giftshop.HomePage" name="Test1" time="0.0">
    <skipped/>
  </testcase> <!-- Test1 -->
  <testcase classname="giftshop.HomePage" name="Test10" time="0.0">
    <skipped/>
  </testcase> <!-- Test10 -->
  <testcase classname="giftshop.HomePage" name="Test11" time="0.0">
    <skipped/>
  </testcase> <!-- Test11 -->
  <testcase classname="giftshop.HomePage" name="Test12" time="0.0">
    <skipped/>
  </testcase> <!-- Test12 -->
  <testcase classname="giftshop.HomePage" name="Test2" time="0.0">
    <skipped/>
  </testcase> <!-- Test2 -->
  <testcase classname="giftshop.HomePage" name="Test3" time="0.0">
    <skipped/>
  </testcase> <!-- Test3 -->
  <testcase classname="giftshop.HomePage" name="Test4" time="0.0">
    <skipped/>
  </testcase> <!-- Test4 -->
  <testcase classname="giftshop.HomePage" name="Test5" time="0.0">
    <skipped/>
  </testcase> <!-- Test5 -->
  <testcase classname="giftshop.HomePage" name="Test6" time="0.0">
    <skipped/>
  </testcase> <!-- Test6 -->
  <testcase classname="giftshop.HomePage" name="Test7" time="0.0">
    <skipped/>
  </testcase> <!-- Test7 -->
  <testcase classname="giftshop.HomePage" name="Test8" time="0.0">
    <skipped/>
  </testcase> <!-- Test8 -->
  <testcase classname="giftshop.HomePage" name="Test9" time="0.0">
    <skipped/>
  </testcase> <!-- Test9 -->
  <testcase classname="giftshop.LaunchApplication" name="@AfterSuite afterSuite" time="0.0">
    <ignored/>
  </testcase> <!-- @AfterSuite afterSuite -->
  <testcase classname="giftshop.LaunchApplication" name="@BeforeSuite beforeSuite" time="0.0">
    <ignored/>
  </testcase> <!-- @BeforeSuite beforeSuite -->
</testsuite> <!-- Test -->
